  Source.cpp
D:\DSD\Project3\Source.cpp(24,21): warning C4018: '<': signed/unsigned mismatch
D:\DSD\Project3\Source.cpp(48,49): warning C4244: 'argument': conversion from 'double' to 'const unsigned int', possible loss of data
D:\DSD\Project3\Source.cpp(75,15): warning C4018: '<': signed/unsigned mismatch
D:\DSD\Project3\Source.cpp(114,20): warning C4018: '<': signed/unsigned mismatch
D:\DSD\Project3\Source.cpp(119,24): warning C4018: '<': signed/unsigned mismatch
D:\DSD\Project3\Source.cpp(121,25): warning C4018: '<': signed/unsigned mismatch
D:\DSD\Project3\Source.cpp(126,33): warning C4018: '<': signed/unsigned mismatch
D:\DSD\Project3\Source.cpp(154,48): warning C4018: '<': signed/unsigned mismatch
D:\DSD\Project3\Source.cpp(156,55): warning C4018: '<': signed/unsigned mismatch
D:\DSD\Project3\Source.cpp(179,24): warning C4018: '<': signed/unsigned mismatch
D:\DSD\Project3\Source.cpp(181,25): warning C4018: '<': signed/unsigned mismatch
D:\DSD\Project3\Source.cpp(200,25): warning C4018: '<': signed/unsigned mismatch
D:\DSD\Project3\Source.cpp(202,26): warning C4018: '<': signed/unsigned mismatch
D:\DSD\Project3\Source.cpp(254,24): warning C4018: '<': signed/unsigned mismatch
D:\DSD\Project3\Source.cpp(256,25): warning C4018: '<': signed/unsigned mismatch
D:\DSD\Project3\Source.cpp(263,41): warning C4018: '<': signed/unsigned mismatch
D:\DSD\Project3\Source.cpp(265,42): warning C4018: '<': signed/unsigned mismatch
D:\DSD\Project3\Source.cpp(273,23): warning C4018: '<': signed/unsigned mismatch
D:\DSD\Project3\Source.cpp(275,40): warning C4018: '<': signed/unsigned mismatch
D:\DSD\Project3\Source.cpp(294,24): warning C4018: '<': signed/unsigned mismatch
D:\DSD\Project3\Source.cpp(308,20): warning C4018: '<': signed/unsigned mismatch
D:\DSD\Project3\Source.cpp(313,24): warning C4018: '<': signed/unsigned mismatch
D:\DSD\Project3\Source.cpp(315,25): warning C4018: '<': signed/unsigned mismatch
D:\DSD\Project3\Source.cpp(320,33): warning C4018: '<': signed/unsigned mismatch
D:\DSD\Project3\Source.cpp(225,25): warning C4101: 'e': unreferenced local variable
D:\DSD\Project3\Source.cpp(345,20): warning C4018: '<': signed/unsigned mismatch
D:\DSD\Project3\Source.cpp(363): warning C4715: 'codomin_map': not all control paths return a value
D:\DSD\Project3\Source.cpp(352): warning C4715: 'state_find': not all control paths return a value
  Project3.vcxproj -> D:\DSD\Project3\Debug\Project3.exe
